<?xml version="1.0" encoding="UTF-8"?>
<!-- Generated by org.testng.reporters.JUnitXMLReporter -->
<testsuite ignored="0" hostname="Kunal" failures="0" tests="3" name="methods" time="39.39" errors="0" timestamp="2024-07-10T16:11:33 IST">
  <testcase classname="orangeHRM.LoginPageTest" name="verifyLogin" time="1.602"/>
  <testcase classname="orangeHRM.MyInfoTest" name="Entermyinfodetails" time="23.709"/>
  <testcase classname="orangeHRM.LoginPageTest" name="InvalidverifyLogin" time="4.082"/>
</testsuite> <!-- methods -->
