<?xml version="1.0" encoding="UTF-8"?>
<!-- Generated by org.testng.reporters.JUnitXMLReporter -->
<testsuite ignored="0" hostname="Kunal" failures="0" tests="3" name="Test" time="41.864" errors="0" timestamp="2024-07-10T17:17:12 IST">
  <testcase classname="orangeHRM.MyInfoTest" name="Entermyinfodetails" time="9.593"/>
  <testcase classname="orangeHRM.LoginPageTest" name="verifyLogin" time="2.253"/>
  <testcase classname="orangeHRM.LoginPageTest" name="InvalidverifyLogin" time="4.469"/>
</testsuite> <!-- Test -->
